2025-07-05 01:20:06,760 - INFO - Succesfully read the YAML file
2025-07-05 01:20:06,760 - INFO - Loading data from RAW directory
2025-07-05 01:20:06,760 - INFO - Loading data
2025-07-05 01:20:06,930 - INFO - Loading data
2025-07-05 01:20:06,969 - INFO - Starting our Data Processing step
2025-07-05 01:20:06,969 - INFO - Dropping the columns
2025-07-05 01:20:06,994 - INFO - Applying Label Encoding
2025-07-05 01:20:07,012 - INFO - Label Mappings are : 
2025-07-05 01:20:07,012 - INFO - type_of_meal_plan : {'Meal Plan 1': np.int64(0), 'Meal Plan 2': np.int64(1), 'Meal Plan 3': np.int64(2), 'Not Selected': np.int64(3)}
2025-07-05 01:20:07,013 - INFO - required_car_parking_space : {np.int64(0): np.int64(0), np.int64(1): np.int64(1)}
2025-07-05 01:20:07,013 - INFO - room_type_reserved : {'Room_Type 1': np.int64(0), 'Room_Type 2': np.int64(1), 'Room_Type 3': np.int64(2), 'Room_Type 4': np.int64(3), 'Room_Type 5': np.int64(4), 'Room_Type 6': np.int64(5), 'Room_Type 7': np.int64(6)}
2025-07-05 01:20:07,014 - INFO - market_segment_type : {'Aviation': np.int64(0), 'Complementary': np.int64(1), 'Corporate': np.int64(2), 'Offline': np.int64(3), 'Online': np.int64(4)}
2025-07-05 01:20:07,014 - INFO - repeated_guest : {np.int64(0): np.int64(0), np.int64(1): np.int64(1)}
2025-07-05 01:20:07,014 - INFO - booking_status : {'Canceled': np.int64(0), 'Not_Canceled': np.int64(1)}
2025-07-05 01:20:07,014 - INFO - Doing Skewness Handling
2025-07-05 01:20:07,021 - INFO - Starting our Data Processing step
2025-07-05 01:20:07,021 - INFO - Dropping the columns
2025-07-05 01:20:07,029 - INFO - Applying Label Encoding
2025-07-05 01:20:07,037 - INFO - Label Mappings are : 
2025-07-05 01:20:07,037 - INFO - type_of_meal_plan : {'Meal Plan 1': np.int64(0), 'Meal Plan 2': np.int64(1), 'Meal Plan 3': np.int64(2), 'Not Selected': np.int64(3)}
2025-07-05 01:20:07,037 - INFO - required_car_parking_space : {np.int64(0): np.int64(0), np.int64(1): np.int64(1)}
2025-07-05 01:20:07,037 - INFO - room_type_reserved : {'Room_Type 1': np.int64(0), 'Room_Type 2': np.int64(1), 'Room_Type 3': np.int64(2), 'Room_Type 4': np.int64(3), 'Room_Type 5': np.int64(4), 'Room_Type 6': np.int64(5), 'Room_Type 7': np.int64(6)}
2025-07-05 01:20:07,037 - INFO - market_segment_type : {'Aviation': np.int64(0), 'Complementary': np.int64(1), 'Corporate': np.int64(2), 'Offline': np.int64(3), 'Online': np.int64(4)}
2025-07-05 01:20:07,037 - INFO - repeated_guest : {np.int64(0): np.int64(0), np.int64(1): np.int64(1)}
2025-07-05 01:20:07,037 - INFO - booking_status : {'Canceled': np.int64(0), 'Not_Canceled': np.int64(1)}
2025-07-05 01:20:07,037 - INFO - Doing Skewness Handling
2025-07-05 01:20:07,041 - INFO - Handling Imbalanced Data
2025-07-05 01:20:08,826 - INFO - Data balanced sucesffuly
2025-07-05 01:20:08,827 - INFO - Handling Imbalanced Data
2025-07-05 01:20:08,842 - INFO - Data balanced sucesffuly
2025-07-05 01:20:08,842 - INFO - Starting our Feature selection step
2025-07-05 01:20:12,200 - INFO - Features selected : ['lead_time' 'no_of_special_requests' 'avg_price_per_room' 'arrival_month'
 'arrival_date' 'market_segment_type' 'no_of_week_nights'
 'no_of_weekend_nights' 'type_of_meal_plan' 'room_type_reserved']
2025-07-05 01:20:12,202 - INFO - Feature slection completed sucesfully
2025-07-05 01:20:12,210 - INFO - Saving our data in processed folder
2025-07-05 01:20:12,318 - INFO - Data saved sucesfuly to artifacts/processed\processed_train.csv
2025-07-05 01:20:12,318 - INFO - Saving our data in processed folder
2025-07-05 01:20:12,343 - INFO - Data saved sucesfuly to artifacts/processed\processed_test.csv
2025-07-05 01:20:12,344 - INFO - Data processing completed sucesfully
