2025-07-07 13:22:36,915 - INFO - Starting our Model Training pipeline
2025-07-07 13:22:36,915 - INFO - Starting our MLFLOW experimentation
2025-07-07 13:22:36,915 - INFO - Logging the training and testing datset to MLFLOW
2025-07-07 13:22:37,472 - INFO - Loading data from artifacts/processed\processed_train.csv
2025-07-07 13:22:37,472 - INFO - Loading data
2025-07-07 13:22:37,841 - INFO - Loading data from artifacts/processed\processed_test.csv
2025-07-07 13:22:37,841 - INFO - Loading data
2025-07-07 13:22:38,103 - INFO - Data splitted sucefully for Model Training
2025-07-07 13:22:38,103 - INFO - Intializing our model
2025-07-07 13:22:38,103 - INFO - Starting our Hyperparamter tuning
2025-07-07 13:22:38,103 - INFO - Starting our Hyperparamter tuning
2025-07-07 13:22:47,693 - INFO - Hyperparamter tuning completed
2025-07-07 13:22:47,693 - INFO - Best paramters are : {'boosting_type': 'gbdt', 'learning_rate': np.float64(0.1293700315892974), 'max_depth': 23, 'n_estimators': 314, 'num_leaves': 94}
2025-07-07 13:22:47,693 - INFO - Evaluating our model
2025-07-07 13:22:47,751 - INFO - Accuracy Score : 0.8814506539833532
2025-07-07 13:22:47,751 - INFO - Precision Score : 0.8670480549199084
2025-07-07 13:22:47,751 - INFO - Recall Score : 0.9010701545778834
2025-07-07 13:22:47,751 - INFO - F1 Score : 0.883731778425656
2025-07-07 13:22:47,751 - INFO - saving the model
2025-07-07 13:22:47,801 - INFO - Model saved to artifacts/models/lgbm_model.pkl
2025-07-07 13:22:47,801 - INFO - Logging the model into MLFLOW
2025-07-07 13:22:47,815 - INFO - Logging Params and metrics to MLFLOW
2025-07-07 13:22:47,881 - INFO - Model Training sucesfullly completed
